Sat May 21 09:59:09 EDT 2011 Info: Posting to  http://www.broadwayleague.com/index.php?url_identifier=nyc-grosses-11&page-no=135...
Sat May 21 09:59:09 EDT 2011 Info: Browser loading URL 'http://www.broadwayleague.com/index.php?url_identifier=nyc-grosses-11&page-no=135'
Sat May 21 09:59:09 EDT 2011 Info: Storing cookie 'PHPSESSID' with value '7649ff092ce4364401f8f8cbc330400b'
Sat May 21 09:59:11 EDT 2011 Info: Getting  http://www.broadwayleague.com/index.php?url_identifier=nyc-grosses-11&page-no=136...
Sat May 21 09:59:12 EDT 2011 Info: Delaying load of "http://www.broadwayleague.com/index.php?url_identifier=nyc-grosses-11&page-no=136", current KBPS "8898.0"
Sat May 21 09:59:12 EDT 2011 Info: Getting  http://www.broadwayleague.com/index.php?url_identifier=nyc-grosses-11&page-no=136...
Sat May 21 09:59:13 EDT 2011 Info: Delaying load of "http://www.broadwayleague.com/index.php?url_identifier=nyc-grosses-11&page-no=136", current KBPS "113.0"
Sat May 21 09:59:13 EDT 2011 Info: Getting  http://www.broadwayleague.com/index.php?url_identifier=nyc-grosses-11&page-no=136...
Sat May 21 09:59:14 EDT 2011 Info: Delaying load of "http://www.broadwayleague.com/index.php?url_identifier=nyc-grosses-11&page-no=136", current KBPS "57.0"
Sat May 21 09:59:14 EDT 2011 Info: Getting  http://www.broadwayleague.com/index.php?url_identifier=nyc-grosses-11&page-no=136...
Sat May 21 09:59:15 EDT 2011 Info: Delaying load of "http://www.broadwayleague.com/index.php?url_identifier=nyc-grosses-11&page-no=136", current KBPS "38.0"
Sat May 21 09:59:15 EDT 2011 Info: Getting  http://www.broadwayleague.com/index.php?url_identifier=nyc-grosses-11&page-no=136...
Sat May 21 09:59:15 EDT 2011 Info: Browser loading URL 'http://www.broadwayleague.com/index.php?url_identifier=nyc-grosses-11&page-no=136'
Sat May 21 09:59:15 EDT 2011 Info: Using cookies: PHPSESSID=7649ff092ce4364401f8f8cbc330400b
Sat May 21 09:59:18 EDT 2011 Info: Getting  http://www.broadwayleague.com/index.php?url_identifier=nyc-grosses-11&page-no=137...
Sat May 21 09:59:19 EDT 2011 Info: Delaying load of "http://www.broadwayleague.com/index.php?url_identifier=nyc-grosses-11&page-no=137", current KBPS "9645.0"
Sat May 21 09:59:19 EDT 2011 Info: Getting  http://www.broadwayleague.com/index.php?url_identifier=nyc-grosses-11&page-no=137...
Sat May 21 09:59:20 EDT 2011 Info: Delaying load of "http://www.broadwayleague.com/index.php?url_identifier=nyc-grosses-11&page-no=137", current KBPS "113.0"
Sat May 21 09:59:20 EDT 2011 Info: Getting  http://www.broadwayleague.com/index.php?url_identifier=nyc-grosses-11&page-no=137...
Sat May 21 09:59:21 EDT 2011 Info: Delaying load of "http://www.broadwayleague.com/index.php?url_identifier=nyc-grosses-11&page-no=137", current KBPS "56.0"
Sat May 21 09:59:21 EDT 2011 Info: SQL Batch Count: 0, 0, 0, 0, 0, 0, 0, 0, 0, 0, 0, 0, 0, 0, 0, 0, 0, 0, 0, 0, 0, 0, 0, 0, 0, 0, 0, 0, 0, 0, 0, 0, 0, 0, 0, 0, 0, 0, 0, 0, 0, 0, 0, 0, 0, 0, 0, 0, 0, 0, 0, 0, 0, 0, 0, 0, 0, 0, 0, 0, 0, 0, 0, 0, 0, 0, 0, 0, 0, 0, 0, 0, 0, 0, 0, 0, 0, 0, 0, 0, 0, 0, 0, 0, 0, 0, 0, 0, 0, 0, 0, 0, 0, 0, 0, 0, 0, 0, 0, 0, 0, 0, 0, 0, 0, 0, 0, 0, 0, 0, 0, 0, 0, 0, 0, 0, 0, 0, 0, 0, 0, 0, 0, 0, 0, 0, 0, 0, 0, 0, 0, 0, 0, 0, 0, 0, 0, 0, 0, 0, 0, 0, 0, 0, 0, 0, 0, 0, 0, 0, 0, 0, 0, 0, 0, 0, 0, 0, 0, 0, 0, 0, 0, 0, 0,
Sat May 21 09:59:21 EDT 2011 Info: SQL Batch Count: 1, 1, 1, 1, 1, 1, 1, 1, 1, 1, 1, 1, 1, 1, 1, 1, 1, 1, 1, 1, 1, 1, 1, 1, 1, 1, 1, 1, 1, 1, 1, 1, 1, 1, 1, 1, 1, 1, 1, 1, 1, 1, 1, 1, 1, 1, 1, 1, 1, 1, 1, 1, 1, 1, 1, 1, 1, 1, 1, 1, 1, 1, 1, 1, 1, 1, 1, 1, 1, 1, 1, 1, 1, 1, 1, 1, 1, 1, 1, 1, 1, 1, 1, 1, 1, 1, 1, 1, 1, 1, 1, 1, 1, 1, 1, 1, 1, 1, 1, 1, 1, 1, 1, 1, 1, 1, 1, 1, 1, 1, 1, 1, 1, 1, 1, 1, 1, 1, 1, 1, 1, 1, 1, 1, 1, 1, 1, 1, 1, 1, 1, 1, 1, 1, 1, 1, 1, 1, 1, 1, 1, 1, 1, 1, 1, 1, 1, 1, 1, 1, 1, 1, 1, 1, 1, 1, 1, 1, 1, 1, 1, 1, 1, 1, 1,
Sat May 21 09:59:21 EDT 2011 Info: Getting  http://www.broadwayleague.com/index.php?url_identifier=nyc-grosses-11&page-no=137...
Sat May 21 09:59:22 EDT 2011 Info: Delaying load of "http://www.broadwayleague.com/index.php?url_identifier=nyc-grosses-11&page-no=137", current KBPS "36.0"
Sat May 21 09:59:22 EDT 2011 Info: Getting  http://www.broadwayleague.com/index.php?url_identifier=nyc-grosses-11&page-no=137...
Sat May 21 09:59:22 EDT 2011 Info: Browser loading URL 'http://www.broadwayleague.com/index.php?url_identifier=nyc-grosses-11&page-no=137'
Sat May 21 09:59:22 EDT 2011 Info: Using cookies: PHPSESSID=7649ff092ce4364401f8f8cbc330400b
Sat May 21 09:59:24 EDT 2011 Info: Getting  http://www.broadwayleague.com/index.php?url_identifier=nyc-grosses-11&page-no=138...
Sat May 21 09:59:25 EDT 2011 Info: Delaying load of "http://www.broadwayleague.com/index.php?url_identifier=nyc-grosses-11&page-no=138", current KBPS "16528.0"
Sat May 21 09:59:25 EDT 2011 Info: Getting  http://www.broadwayleague.com/index.php?url_identifier=nyc-grosses-11&page-no=138...
Sat May 21 09:59:26 EDT 2011 Info: Delaying load of "http://www.broadwayleague.com/index.php?url_identifier=nyc-grosses-11&page-no=138", current KBPS "113.0"
Sat May 21 09:59:26 EDT 2011 Info: Getting  http://www.broadwayleague.com/index.php?url_identifier=nyc-grosses-11&page-no=138...
Sat May 21 09:59:27 EDT 2011 Info: Delaying load of "http://www.broadwayleague.com/index.php?url_identifier=nyc-grosses-11&page-no=138", current KBPS "56.0"
Sat May 21 09:59:27 EDT 2011 Info: SQL Batch Count: 0, 0, 0, 0, 0, 0, 0, 0, 0, 0, 0, 0, 0, 0, 0, 0, 0, 0, 0, 0, 0, 0, 0, 0, 0, 0, 0, 0, 0, 0, 0, 0, 0, 0, 0, 0, 0, 0, 0, 0, 0, 0, 0, 0, 0, 0, 0, 0, 0, 0, 0, 0, 0, 0, 0, 0, 0, 0, 0, 0, 0, 0, 0, 0, 0, 0, 0, 0, 0, 0, 0, 0, 0, 0, 0, 0, 0, 0, 0, 0, 0, 0, 0, 0, 0, 0, 0, 0, 0, 0, 0, 0, 0, 0, 0, 0, 0, 0, 0, 0, 0, 0, 0, 0, 0, 0, 0, 0, 0, 0, 0, 0, 0, 0, 0, 0, 0, 0, 0, 0, 0, 0, 0, 0, 0, 0, 0, 0, 0, 0, 0, 0, 0, 0, 0, 0, 0, 0, 0, 0, 0, 0, 0, 0, 0, 0, 0, 0, 0, 0, 0, 0, 0, 0, 0, 0, 0, 0, 0, 0, 0, 0, 0, 0, 0,
Sat May 21 09:59:27 EDT 2011 Info: SQL Batch Count: 1, 1, 1, 1, 1, 1, 1, 1, 1, 1, 1, 1, 1, 1, 1, 1, 1, 1, 1, 1, 1, 1, 1, 1, 1, 1, 1, 1, 1, 1, 1, 1, 1, 1, 1, 1, 1, 1, 1, 1, 1, 1, 1, 1, 1, 1, 1, 1, 1, 1, 1, 1, 1, 1, 1, 1, 1, 1, 1, 1, 1, 1, 1, 1, 1, 1, 1, 1, 1, 1, 1, 1, 1, 1, 1, 1, 1, 1, 1, 1, 1, 1, 1, 1, 1, 1, 1, 1, 1, 1, 1, 1, 1, 1, 1, 1, 1, 1, 1, 1, 1, 1, 1, 1, 1, 1, 1, 1, 1, 1, 1, 1, 1, 1, 1, 1, 1, 1, 1, 1, 1, 1, 1, 1, 1, 1, 1, 1, 1, 1, 1, 1, 1, 1, 1, 1, 1, 1, 1, 1, 1, 1, 1, 1, 1, 1, 1, 1, 1, 1, 1, 1, 1, 1, 1, 1, 1, 1, 1, 1, 1, 1, 1, 1, 1,
Sat May 21 09:59:27 EDT 2011 Info: Getting  http://www.broadwayleague.com/index.php?url_identifier=nyc-grosses-11&page-no=138...
Sat May 21 09:59:28 EDT 2011 Info: Delaying load of "http://www.broadwayleague.com/index.php?url_identifier=nyc-grosses-11&page-no=138", current KBPS "36.0"
Sat May 21 09:59:28 EDT 2011 Info: Getting  http://www.broadwayleague.com/index.php?url_identifier=nyc-grosses-11&page-no=138...
Sat May 21 09:59:28 EDT 2011 Info: Browser loading URL 'http://www.broadwayleague.com/index.php?url_identifier=nyc-grosses-11&page-no=138'
Sat May 21 09:59:28 EDT 2011 Info: Using cookies: PHPSESSID=7649ff092ce4364401f8f8cbc330400b
Sat May 21 09:59:31 EDT 2011 Info: Getting  http://www.broadwayleague.com/index.php?url_identifier=nyc-grosses-11&page-no=139...
Sat May 21 09:59:32 EDT 2011 Info: Delaying load of "http://www.broadwayleague.com/index.php?url_identifier=nyc-grosses-11&page-no=139", current KBPS "16530.0"
Sat May 21 09:59:32 EDT 2011 Info: Getting  http://www.broadwayleague.com/index.php?url_identifier=nyc-grosses-11&page-no=139...
Sat May 21 09:59:33 EDT 2011 Info: Delaying load of "http://www.broadwayleague.com/index.php?url_identifier=nyc-grosses-11&page-no=139", current KBPS "113.0"
Sat May 21 09:59:33 EDT 2011 Info: Getting  http://www.broadwayleague.com/index.php?url_identifier=nyc-grosses-11&page-no=139...
Sat May 21 09:59:34 EDT 2011 Info: Delaying load of "http://www.broadwayleague.com/index.php?url_identifier=nyc-grosses-11&page-no=139", current KBPS "56.0"
Sat May 21 09:59:34 EDT 2011 Info: SQL Batch Count: 1, 0, 0, 0, 0, 0, 0, 0, 0, 0, 0, 0, 0, 0, 0, 0, 0, 0, 0, 0, 0, 0, 0, 0, 0, 0, 0, 0, 0, 0, 0, 0, 0, 0, 0, 0, 0, 0, 0, 0, 0, 0, 0, 0, 0, 0, 0, 0, 0, 0, 0, 0, 0, 0, 0, 0, 0, 0, 0, 0, 0, 0, 