Fri May 20 22:39:04 EDT 2011 Info: Posting to  http://www.broadwayleague.com/index.php?url_identifier=nyc-grosses-11...
Fri May 20 22:39:04 EDT 2011 Info: Browser loading URL 'http://www.broadwayleague.com/index.php?url_identifier=nyc-grosses-11'
Fri May 20 22:39:05 EDT 2011 Info: Storing cookie 'PHPSESSID' with value 'ae5529e9db88c00b2fdbd9ec935846af'
Fri May 20 22:39:07 EDT 2011 Info: Getting  http://www.broadwayleague.com/index.php?url_identifier=nyc-grosses-11&page-no=2...
Fri May 20 22:39:08 EDT 2011 Info: Delaying load of "http://www.broadwayleague.com/index.php?url_identifier=nyc-grosses-11&page-no=2", current KBPS "9621.0"
Fri May 20 22:39:08 EDT 2011 Info: Getting  http://www.broadwayleague.com/index.php?url_identifier=nyc-grosses-11&page-no=2...
Fri May 20 22:39:09 EDT 2011 Info: Delaying load of "http://www.broadwayleague.com/index.php?url_identifier=nyc-grosses-11&page-no=2", current KBPS "113.0"
Fri May 20 22:39:09 EDT 2011 Info: Getting  http://www.broadwayleague.com/index.php?url_identifier=nyc-grosses-11&page-no=2...
Fri May 20 22:39:10 EDT 2011 Info: Delaying load of "http://www.broadwayleague.com/index.php?url_identifier=nyc-grosses-11&page-no=2", current KBPS "57.0"
Fri May 20 22:39:10 EDT 2011 Info: Getting  http://www.broadwayleague.com/index.php?url_identifier=nyc-grosses-11&page-no=2...
Fri May 20 22:39:11 EDT 2011 Info: Delaying load of "http://www.broadwayleague.com/index.php?url_identifier=nyc-grosses-11&page-no=2", current KBPS "38.0"
Fri May 20 22:39:11 EDT 2011 Info: Getting  http://www.broadwayleague.com/index.php?url_identifier=nyc-grosses-11&page-no=2...
Fri May 20 22:39:11 EDT 2011 Info: Browser loading URL 'http://www.broadwayleague.com/index.php?url_identifier=nyc-grosses-11&page-no=2'
Fri May 20 22:39:11 EDT 2011 Info: Using cookies: PHPSESSID=ae5529e9db88c00b2fdbd9ec935846af
Fri May 20 22:39:14 EDT 2011 Info: BLEH : null
Fri May 20 22:39:14 EDT 2011 Info: SQL Batch Count: 0, 0, 0, 0, 0, 0, 0, 0, 0, 0, 0, 0, 0, 0, 0, 0, 0, 0, 0, 0, 0, 0, 0, 0, 0, 0, 0, 0, 0, 0, 0, 0, 0, 0, 0, 0, 0, 0, 0, 0, 0, 0, 0, 0, 0, 0, 0, 0, 0, 0, 0, 0, 0, 0, 0, 0, 0, 0, 0, 0, 0, 0, 0, 0, 0, 0, 0, 0, 0, 0, 0, 0, 0, 0, 0, 0, 0, 0, 0, 0, 0, 0, 0, 0, 0, 0, 0, 0, 0, 0, 0, 0, 0, 0, 0, 0, 0, 0, 0, 0, 0
Fri May 20 22:39:14 EDT 2011 Info: SQL Batch Count: 1, 1, 1, 1, 1, 1, 1, 1, 1, 1, 1, 1, 1, 1, 1, 1, 1, 1, 1, 1, 1, 1, 1, 1, 1, 1, 1, 1, 1, 1, 1, 1, 1, 1, 1, 1, 1, 1, 1, 1, 1, 1, 1, 1, 1, 1, 1, 1, 1, 1, 1, 1, 1, 1, 1, 1, 1, 1, 1, 1, 1, 1, 1, 1, 1, 1, 1, 1, 1, 1, 1, 1, 1, 1, 1, 1, 1, 1, 1, 1, 1, 1, 1, 1, 1, 1, 1, 1, 1, 1, 1, 1, 1, 1, 1, 1, 1, 1, 1, 1, 1
Fri May 20 22:39:14 EDT 2011 Info: SQL Batch Count: 0, 0, 0, 0, 0, 0, 0, 0, 0, 0, 0, 0, 0, 0, 0, 0, 0, 0, 0, 0, 0, 0, 0, 0, 0, 0, 0, 0, 0, 0, 0, 0, 0, 0, 0, 0, 0, 0, 0, 0, 0, 0, 0, 0, 0, 0, 0, 0, 0, 0, 0, 0, 0, 0, 0, 0, 0, 0, 0, 0, 0, 0, 0, 0, 0, 0, 0, 0, 0, 0, 0, 0, 0, 0, 0, 0, 0, 0, 0, 0, 0, 0, 0, 0, 0, 0, 0, 0, 0, 0, 0, 0, 0, 0, 0, 0, 0, 0, 0, 0, 0
Fri May 20 22:39:14 EDT 2011 Info: SQL Batch Count: 1, 1, 1, 1, 1, 1, 1, 1, 1, 1, 1, 1, 1, 1, 1, 1, 1, 1, 1, 1, 1, 1, 1, 1, 1, 1, 1, 1, 1, 1, 1, 1, 1, 1, 1, 1, 1, 1, 1, 1, 1, 1, 1, 1, 1, 1, 1, 1, 1, 1, 1, 1, 1, 1, 1, 1, 1, 1, 1, 1, 1, 1, 1, 1, 1, 1, 1, 1, 1, 1, 1, 1, 1, 1, 1, 1, 1, 1, 1, 1, 1, 1, 1, 1, 1, 1, 1, 1, 1, 1, 1, 1, 1, 1, 1, 1, 1, 1, 1, 1, 1
Fri May 20 22:39:14 EDT 2011 Info: SQL Batch Count: 0, 0, 0, 0, 0, 0, 0, 0, 0, 0, 0, 0, 0, 0, 0, 0, 0, 0, 0, 0, 0, 0, 0, 0, 0, 0, 0, 0, 0, 0, 0, 0, 0, 0, 0, 0, 0, 0, 0, 0, 0, 0, 0, 0, 0, 0, 0, 0, 0, 0, 0, 0, 0, 0, 0, 0, 0, 0, 0, 0, 0, 0, 0, 0, 0, 0, 0, 0, 0, 0, 0, 0, 0, 0, 0, 0, 0, 0, 0, 0, 0, 0, 0, 0, 0, 0, 0, 0, 0, 0, 0, 0, 0, 0, 0, 0, 0, 0, 0, 0, 0
Fri May 20 22:39:14 EDT 2011 Info: SQL Batch Count: 1, 1, 1, 1, 1, 1, 1, 1, 1, 1, 1, 1, 1, 1, 1, 1, 1, 1, 1, 1, 1, 1, 1, 1, 1, 1, 1, 1, 1, 1, 1, 1, 1, 1, 1, 1, 1, 1, 1, 1, 1, 1, 1, 1, 1, 1, 1, 1, 1, 1, 1, 1, 1, 1, 1, 1, 1, 1, 1, 1, 1, 1, 1, 1, 1, 1, 1, 1, 1, 1, 1, 1, 1, 1, 1, 1, 1, 1, 1, 1, 1, 1, 1, 1, 1, 1, 1, 1, 1, 1, 1, 1, 1, 1, 1, 1, 1, 1, 1, 1, 1
Fri May 20 22:39:14 EDT 2011 Info: SQL Batch Count: 0, 0, 0, 0, 0, 0, 0, 0, 0, 0, 0, 0, 0, 0, 0, 0, 0, 0, 0, 0, 0, 0, 0, 0, 0, 0, 0, 0, 0, 0, 0, 0, 0, 0, 0, 0, 0, 0, 0, 0, 0, 0, 0, 0, 0, 0, 0, 0, 0, 0, 0, 0, 0, 0, 0, 0, 0, 0, 0, 0, 0, 0, 0, 0, 0, 0, 0, 0, 0, 0, 0, 0, 0, 0, 0, 0, 0, 0, 0, 0, 0, 0, 0, 0, 0, 0, 0, 0, 0, 0, 0, 0, 0, 0, 0, 0, 0, 0, 0, 0, 0
Fri May 20 22:39:14 EDT 2011 Info: SQL Batch Count: 1, 1, 1, 1, 1, 1, 1, 1, 1, 1, 1, 1, 1, 1, 1, 1, 1, 1, 1, 1, 1, 1, 1, 1, 1, 1, 1, 1, 1, 1, 1, 1, 1, 1, 1, 1, 1, 1, 1, 1, 1, 1, 1, 1, 1, 1, 1, 1, 1, 1, 1, 1, 1, 1, 1, 1, 1, 1, 1, 1, 1, 1, 1, 1, 1, 1, 1, 1, 1, 1, 1, 1, 1, 1, 1, 1, 1, 1, 1, 1, 1, 1, 1, 1, 1, 1, 1, 1, 1, 1, 1, 1, 1, 1, 1, 1, 1, 1, 1, 1, 1
Fri May 20 22:39:14 EDT 2011 Info: Failure in Execution 442 file:/Users/john/microscraper/microscraper-server/spec/resource/fixtures/parser/Cell.json
net.microscraper.client.Interfaces$Regexp$NoMatchesException: Match "0" not found in the "0" matches of "<td[^>]*>(.*?)</td>" against "null"
	at net.microscraper.client.impl.JavaUtilRegexInterface$JavaUtilPattern.match(JavaUtilRegexInterface.java:61)
	at net.microscraper.execution.VariableExecution.protectedRun(VariableExecution.java:47)
	at net.microscraper.execution.BasicExecution.run(BasicExecution.java:53)
	at net.microscraper.client.Client.execute(Client.java:30)
	at net.microscraper.client.Client.execute(Client.java:38)
	at net.microscraper.client.Client.execute(Client.java:38)
	at net.microscraper.client.Client.execute(Client.java:38)
	at net.microscraper.client.Client.execute(Client.java:38)
	at net.microscraper.client.Client.execute(Client.java:41)
	at net.microscraper.client.Client.execute(Client.java:41)
	at net.microscraper.client.Client.execute(Client.java:41)
	at net.microscraper.client.Client.execute(Client.java:41)
	at net.microscraper.client.Client.execute(Client.java:38)
	at net.microscraper.client.Client.scrape(Client.java:27)
	at net.microscraper.client.utility.MicroScraperConsole.<init>(MicroScraperConsole.java:77)
	at net.microscraper.client.utility.MicroScraperConsole.main(MicroScraperConsole.java:40)
Fri May 20 22:39:14 EDT 2011 Error: Match "0" not found in the "0" matches of "<td[^>]*>(.*?)</td>" against "null"
Fri May 20 22:39:14 EDT 2011 Info: Failure in Execution 443 file:/Users/john/microscraper/microscraper-server/spec/resource/fixtures/parser/Cell.json
net.microscraper.client.Interfaces$Regexp$NoMatchesException: Match "1" not found in the "0" matches of "<td[^>]*>(.*?)</td>" against "null"
	at net.microscraper.client.impl.JavaUtilRegexInterface$JavaUtilPattern.match(JavaUtilRegexInterface.java:61)
	at net.microscraper.execution.VariableExecution.protectedRun(VariableExecution.java:47)
	at net.microscraper.execution.BasicExecution.run(BasicExecution.java:53)
	at net.microscraper.client.Client.execute(Client.java:30)
	at net.microscraper.client.Client.execute(Client.java:38)
	at net.microscraper.client.Client.execute(Client.java:38)
	at net.microscraper.client.Client.execute(Client.java:38)
	at net.microscraper.client.Client.execute(Client.java:38)
	at net.microscraper.client.Client.execute(Client.java:41)
	at net.microscraper.client.Client.execute(Client.java:41)
	at net.microscraper.client.Client.execute(Client.java:41)
	at net.microscraper.client.Client.execute(Client.java:41)
	at net.microscraper.client.Client.execute(Client.java:38)
	at net.microscraper.client.Client.scrape(Client.java:27)
	at net.microscraper.client.utility.MicroScraperConsole.<init>(MicroScraperConsole.java:77)
	at net.microscraper.client.utility.MicroScraperConsole.main(MicroScraperConsole.java:40)
Fri May 20 22:39:14 EDT 2011 Error: Match "1" not found in the "0" matches of "<td[^>]*>(.*?)</td>" against "null"
Fri May 20 22:39:14 EDT 2011 Info: Failure in Execution 444 file:/Users/john/microscraper/microscraper-server/spec/resource/fixtures/parser/Cell.json
net.microscraper.client.Interfaces$Regexp$NoMatchesException: Match "2" not found in the "0" matches of "<td[^>]*>(.*?)</td>" against "null"
	at net.microscraper.client.impl.JavaUtilRegexInterface$JavaUtilPattern.match(JavaUtilRegexInterface.java:61)
	at net.microscraper.execution.VariableExecution.pr