net.microscraper.client.impl.SQLInterface$SQLInterfaceException: net.microscraper.client.impl.SQLInterface$SQLInterfaceException: java.sql.SQLException: table `executions` already exists
	at net.microscraper.client.impl.SQLPublisher.<init>(SQLPublisher.java:73)
	at net.microscraper.client.utility.MicroScraperConsole.<init>(MicroScraperConsole.java:57)
	at net.microscraper.client.utility.MicroScraperConsole.main(MicroScraperConsole.java:40)
Caused by: net.microscraper.client.impl.SQLInterface$SQLInterfaceException: java.sql.SQLException: table `executions` already exists
	at net.microscraper.client.impl.JDBCSQLite$JDBCSqliteStatement.<init>(JDBCSQLite.java:89)
	at net.microscraper.client.impl.JDBCSQLite.prepareStatement(JDBCSQLite.java:266)
	at net.microscraper.client.impl.SQLPublisher.<init>(SQLPublisher.java:26)
	... 2 more
Caused by: java.sql.SQLException: table `executions` already exists
	at org.sqlite.DB.throwex(DB.java:288)
	at org.sqlite.NativeDB.prepare(Native Method)
	at org.sqlite.DB.prepare(DB.java:114)
	at org.sqlite.PrepStmt.<init>(PrepStmt.java:37)
	at org.sqlite.Conn.prepareStatement(Conn.java:231)
	at org.sqlite.Conn.prepareStatement(Conn.java:224)
	at org.sqlite.Conn.prepareStatement(Conn.java:213)
	at net.microscraper.client.impl.JDBCSQLite$JDBCSqliteStatement.<init>(JDBCSQLite.java:86)
	... 4 more
Sat May 21 09:17:16 EDT 2011 Error: net.microscraper.client.impl.SQLInterface$SQLInterfaceException: java.sql.SQLException: table `executions` already exists
