Fri May 20 22:35:08 EDT 2011 Info: Posting to  http://www.broadwayleague.com/index.php?url_identifier=nyc-grosses-11...
Fri May 20 22:35:08 EDT 2011 Info: Browser loading URL 'http://www.broadwayleague.com/index.php?url_identifier=nyc-grosses-11'
Fri May 20 22:35:08 EDT 2011 Info: Storing cookie 'PHPSESSID' with value 'bcabdf424733e027d22825a3d7c5195d'
Fri May 20 22:35:11 EDT 2011 Info: Getting  http://www.broadwayleague.com/index.php?url_identifier=nyc-grosses-11&page-no=2...
Fri May 20 22:35:12 EDT 2011 Info: Delaying load of "http://www.broadwayleague.com/index.php?url_identifier=nyc-grosses-11&page-no=2", current KBPS "8881.0"
Fri May 20 22:35:12 EDT 2011 Info: Getting  http://www.broadwayleague.com/index.php?url_identifier=nyc-grosses-11&page-no=2...
Fri May 20 22:35:13 EDT 2011 Info: Delaying load of "http://www.broadwayleague.com/index.php?url_identifier=nyc-grosses-11&page-no=2", current KBPS "113.0"
Fri May 20 22:35:13 EDT 2011 Info: Getting  http://www.broadwayleague.com/index.php?url_identifier=nyc-grosses-11&page-no=2...
Fri May 20 22:35:14 EDT 2011 Info: Delaying load of "http://www.broadwayleague.com/index.php?url_identifier=nyc-grosses-11&page-no=2", current KBPS "57.0"
Fri May 20 22:35:14 EDT 2011 Info: Getting  http://www.broadwayleague.com/index.php?url_identifier=nyc-grosses-11&page-no=2...
Fri May 20 22:35:15 EDT 2011 Info: Delaying load of "http://www.broadwayleague.com/index.php?url_identifier=nyc-grosses-11&page-no=2", current KBPS "38.0"
Fri May 20 22:35:15 EDT 2011 Info: Getting  http://www.broadwayleague.com/index.php?url_identifier=nyc-grosses-11&page-no=2...
Fri May 20 22:35:15 EDT 2011 Info: Browser loading URL 'http://www.broadwayleague.com/index.php?url_identifier=nyc-grosses-11&page-no=2'
Fri May 20 22:35:15 EDT 2011 Info: Using cookies: PHPSESSID=bcabdf424733e027d22825a3d7c5195d
Fri May 20 22:35:17 EDT 2011 Info: >
								<td>
								06/24/1984								
								</td>
								<td>OH, CALCUTTA!&nbsp;</td>
								<td>Edison&nbsp;</td>
								<td>0&nbsp;</td>
								<td>9&nbsp;</td>
								<td>
																	$34,803&nbsp;</td>
								<td align="right">2,609&nbsp;</td>
								<td align="right">&nbsp;</td>
								<td><a href="/index.php?url_identifier=nyc-grosses-11&gross=52">more</a></td>
							, >
								<td>
								06/24/1984								
								</td>
								<td>SUNDAY IN THE PARK WITH GEORGE&nbsp;</td>
			
Fri May 20 22:35:17 EDT 2011 Info: SQL Batch Count: 0, 0, 0, 0, 0, 0, 0, 0, 0, 0, 0, 0, 0, 0, 0, 0, 0, 0, 0, 0, 0, 0, 0, 0, 0, 0, 0, 0, 0, 0, 0, 0, 0, 0, 0, 0, 0, 0, 0, 0, 0, 0, 0, 0, 0, 0, 0, 0, 0, 0, 0, 0, 0, 0, 0, 0, 0, 0, 0, 0, 0, 0, 0, 0, 0, 0, 0, 0, 0, 0, 0, 0, 0, 0, 0, 0, 0, 0, 0, 0, 0, 0, 0, 0, 0, 0, 0, 0, 0, 0, 0, 0, 0, 0, 0, 0, 0, 0, 0, 0, 0
Fri May 20 22:35:17 EDT 2011 Info: SQL Batch Count: 1, 1, 1, 1, 1, 1, 1, 1, 1, 1, 1, 1, 1, 1, 1, 1, 1, 1, 1, 1, 1, 1, 1, 1, 1, 1, 1, 1, 1, 1, 1, 1, 1, 1, 1, 1, 1, 1, 1, 1, 1, 1, 1, 1, 1, 1, 1, 1, 1, 1, 1, 1, 1, 1, 1, 1, 1, 1, 1, 1, 1, 1, 1, 1, 1, 1, 1, 1, 1, 1, 1, 1, 1, 1, 1, 1, 1, 1, 1, 1, 1, 1, 1, 1, 1, 1, 1, 1, 1, 1, 1, 1, 1, 1, 1, 1, 1, 1, 1, 1, 1
Fri May 20 22:35:17 EDT 2011 Info: SQL Batch Count: 0, 0, 0, 0, 0, 0, 0, 0, 0, 0, 0, 0, 0, 0, 0, 0, 0, 0, 0, 0, 0, 0, 0, 0, 0, 0, 0, 0, 0, 0, 0, 0, 0, 0, 0, 0, 0, 0, 0, 0, 0, 0, 0, 0, 0, 0, 0, 0, 0, 0, 0, 0, 0, 0, 0, 0, 0, 0, 0, 0, 0, 0, 0, 0, 0, 0, 0, 0, 0, 0, 0, 0, 0, 0, 0, 0, 0, 0, 0, 0, 0, 0, 0, 0, 0, 0, 0, 0, 0, 0, 0, 0, 0, 0, 0, 0, 0, 0, 0, 0, 0
Fri May 20 22:35:17 EDT 2011 Info: SQL Batch Count: 1, 1, 1, 1, 1, 1, 1, 1, 1, 1, 1, 1, 1, 1, 1, 1, 1, 1, 1, 1, 1, 1, 1, 1, 1, 1, 1, 1, 1, 1, 1, 1, 1, 1, 1, 1, 1, 1, 1, 1, 1, 1, 1, 1, 1, 1, 1, 1, 1, 1, 1, 1, 1, 1, 1, 1, 1, 1, 1, 1, 1, 1, 1, 1, 1, 1, 1, 1, 1, 1, 1, 1, 1, 1, 1, 1, 1, 1, 1, 1, 1, 1, 1, 1, 1, 1, 1, 1, 1, 1, 1, 1, 1, 1, 1, 1, 1, 1, 1, 1, 1
Fri May 20 22:35:17 EDT 2011 Info: SQL Batch Count: 0, 0, 0, 0, 0, 0, 0, 0, 0, 0, 0, 0, 0, 0, 0, 0, 0, 0, 0, 0, 0, 0, 0, 0, 0, 0, 0, 0, 0, 0, 0, 0, 0, 0, 0, 0, 0, 0, 0, 0, 0, 0, 0, 0, 0, 0, 0, 0, 0, 0, 0, 0, 0, 0, 0, 0, 0, 0, 0, 0, 0, 0, 0, 0, 0, 0, 0, 0, 0, 0, 0, 0, 0, 0, 0, 0, 0, 0, 0, 0, 0, 0, 0, 0, 0, 0, 0, 0, 0, 0, 0, 0, 0, 0, 0, 0, 0, 0, 0, 0, 0
Fri May 20 22:35:17 EDT 2011 Info: SQL Batch Count: 1, 1, 1, 1, 1, 1, 1, 1, 1, 1, 1, 1, 1, 1, 1, 1, 1, 1, 1, 1, 1, 1, 1, 1, 1, 1, 1, 1, 1, 1, 1, 1, 1, 1, 1, 1, 1, 1, 1, 1, 1, 1, 1, 1, 1, 1, 1, 1, 1, 1, 1, 1, 1, 1, 1, 1, 1, 1, 1, 1, 1, 1, 1, 1, 1, 1, 1, 1, 1, 1, 1, 1, 1, 1, 1, 1, 1, 1, 1, 1, 1, 1, 1, 1, 1, 1, 1, 1, 1, 1, 1, 1, 1, 1, 1, 1, 1, 1, 1, 1, 1
Fri May 20 22:35:17 EDT 2011 Info: SQL Batch Count: 0, 0, 0, 0, 0, 0, 0, 0, 0, 0, 0, 0, 0, 0, 0, 0, 0, 0, 0, 0, 0, 0, 0, 0, 0, 0, 0, 0, 0, 0, 0, 0, 0, 0, 0, 0, 0, 0, 0, 0, 0, 0, 0, 0, 0, 0, 0, 0, 0, 0, 0, 0, 0, 0, 0, 0, 0, 0, 0, 0, 0, 0, 0, 0, 0, 0, 0, 0, 0, 0, 0, 0, 0, 0, 0, 0, 0, 0, 0, 0, 0, 0, 0, 0, 0, 0, 0, 0, 0, 0, 0, 0, 0, 0, 0, 0, 0, 0, 0, 0, 0
Fri May 20 22:35:17 EDT 2011 Info: SQL Batch Count: 1, 1, 1, 1, 1, 1, 1, 1, 1, 1, 1, 1, 1, 1, 1, 1, 1, 1, 1, 1, 1, 1, 1, 1, 1, 1, 1, 1, 1, 1, 1, 1, 1, 1, 1, 1, 1, 1, 1, 1, 1, 1, 1, 1, 1, 1, 1, 1, 1, 1, 1, 1, 1, 1, 1, 1, 1, 1, 1, 1, 1, 1, 1, 1, 1, 1, 1, 1, 1, 1, 1, 1, 1, 1, 1, 1, 1, 1, 1, 1, 1, 1, 1, 1, 1, 1, 1, 1, 1, 1, 1, 1, 1, 1, 1, 1, 1, 1, 1, 1, 1
Fri May 20 22:35:17 EDT 2011 Info: Failure in Execution 442 file:/Users/john/microscraper/microscraper-server/spec/resource/fixtures/parser/Cell.json
net.microscraper.client.Interfaces$Regexp$NoMatchesException: Match "0" not found in the "0" matches of "<td[^>]*>(.*?)</td>" against "null"
	at net.microscraper.client.impl.JavaUtilRegexInterface$JavaUtilPattern.match(JavaUtilRegexInterface.java:61)
	at net.microscraper.execution.VariableExecution.protectedRun(VariableExecution.java:47)
	at net.microscraper.execution.BasicExecution.run(BasicExecution.java:53)
	at net.microscraper.client.Client.execute(Client.java:30)
	at net.microscraper.client.Client.execute(Client.java:38)
	at net.microscraper.client.Client.execute(Client.java:38)
	at net.microscraper.client.Client.execute(Client.java:38)
	at net.microscraper.client.Client.execute(Client.java:38)
	at net.microscraper.client.Client.execute(Client.java:41)
	at net.microscraper.client.Client.execute(Client.java:41)
	at net.microscraper.client.Client.execute(Client.java:41)
	at net.microscraper.client.Client.execute(Client.java:41)
	at net.microscraper.client.Client.execute(Client.java:38)
	at net.microscraper.client.Client.scrape(Client.java:27)
	at net.microscraper.client.utility.MicroScraperConsole.<init>(MicroScraperConsole.java:77)
	at net.microscraper.client.utility.MicroScraperConsole.main(MicroScraperConsole.java:40)
Fri May 20 22:35:17 EDT 2011 Error: Match "0" not found in the "0" matches of "<td[^>]*>(.*?)</td>" against "null"
Fri May 20 22:35:17 EDT 2011 Info: Failure in Execution 443 file:/Users/john/microscraper/microscraper-server/spec/resource/fixtures/parser/Cell.json
net.microscraper.client.Interfaces$Regexp$NoMatchesException: Match "1" not found in the "0" matches of "<td[^>]*>(.*?)</td>" against "null"
	at net.microscraper.client.impl.JavaUtilRegexInterface$JavaUtilPattern.match(JavaUtilRegexInterface.java:61)
	at net.microscraper.execution.VariableExecution.protectedRun(VariableExecution.java:47)
	at net.microscraper.execution.BasicExecution.run(BasicExecution.java:53)
	at net.microscraper.client.Client.execute(Client.java:30)
	at net.microscraper.client.Client.execute(Client.java:38)
	at net.microscraper.client.Client.execute(Client.java:38)
	at net.microscraper.client.Client.execute(Client.java:38)
	at net.microscraper.client.Client.execute(Client.java:38)
	at net.microscraper.client.Client.execute(Client.java:41)
	at net.microscraper.client.Client.execute(Client.java:41)
	at net.microscraper.client.Client.execute(Client.java:41)
	at net.microscraper.client.Client.execute(Client.java:41)
	at net.microscraper.client.Client.execute(Client.java:38)
	at net.microscraper.client.Client.scrape(Client.java:27)
	at net.microscraper.client.utility.MicroScraperConsole.<init>(MicroScraperConsole.java:77)
	at net.microscraper.client.utility.MicroScraperConsole.main(MicroScraperConsole.java:40)
Fri May 20 22:35:17 EDT 2011 Error: Match "1" not found in the "0" 