Fri May 20 22:29:06 EDT 2011 Info: Posting to  http://www.broadwayleague.com/index.php?url_identifier=nyc-grosses-11...
Fri May 20 22:29:06 EDT 2011 Info: Browser loading URL 'http://www.broadwayleague.com/index.php?url_identifier=nyc-grosses-11'
Fri May 20 22:29:06 EDT 2011 Info: Storing cookie 'PHPSESSID' with value '8d0a32670a9ea2b0eb9f830b803f45f5'
Fri May 20 22:29:08 EDT 2011 Info: Getting  http://www.broadwayleague.com/index.php?url_identifier=nyc-grosses-11&page-no=2...
Fri May 20 22:29:09 EDT 2011 Info: Delaying load of "http://www.broadwayleague.com/index.php?url_identifier=nyc-grosses-11&page-no=2", current KBPS "8881.0"
Fri May 20 22:29:09 EDT 2011 Info: Getting  http://www.broadwayleague.com/index.php?url_identifier=nyc-grosses-11&page-no=2...
Fri May 20 22:29:10 EDT 2011 Info: Delaying load of "http://www.broadwayleague.com/index.php?url_identifier=nyc-grosses-11&page-no=2", current KBPS "113.0"
Fri May 20 22:29:10 EDT 2011 Info: Getting  http://www.broadwayleague.com/index.php?url_identifier=nyc-grosses-11&page-no=2...
Fri May 20 22:29:11 EDT 2011 Info: Delaying load of "http://www.broadwayleague.com/index.php?url_identifier=nyc-grosses-11&page-no=2", current KBPS "57.0"
Fri May 20 22:29:11 EDT 2011 Info: Getting  http://www.broadwayleague.com/index.php?url_identifier=nyc-grosses-11&page-no=2...
Fri May 20 22:29:12 EDT 2011 Info: Delaying load of "http://www.broadwayleague.com/index.php?url_identifier=nyc-grosses-11&page-no=2", current KBPS "38.0"
Fri May 20 22:29:12 EDT 2011 Info: Getting  http://www.broadwayleague.com/index.php?url_identifier=nyc-grosses-11&page-no=2...
Fri May 20 22:29:13 EDT 2011 Info: Delaying load of "http://www.broadwayleague.com/index.php?url_identifier=nyc-grosses-11&page-no=2", current KBPS "28.0"
Fri May 20 22:29:13 EDT 2011 Info: Getting  http://www.broadwayleague.com/index.php?url_identifier=nyc-grosses-11&page-no=2...
Fri May 20 22:29:14 EDT 2011 Info: Delaying load of "http://www.broadwayleague.com/index.php?url_identifier=nyc-grosses-11&page-no=2", current KBPS "23.0"
Fri May 20 22:29:14 EDT 2011 Info: Getting  http://www.broadwayleague.com/index.php?url_identifier=nyc-grosses-11&page-no=2...
Fri May 20 22:29:15 EDT 2011 Info: Delaying load of "http://www.broadwayleague.com/index.php?url_identifier=nyc-grosses-11&page-no=2", current KBPS "19.0"
Fri May 20 22:29:15 EDT 2011 Info: Getting  http://www.broadwayleague.com/index.php?url_identifier=nyc-grosses-11&page-no=2...
Fri May 20 22:29:16 EDT 2011 Info: Delaying load of "http://www.broadwayleague.com/index.php?url_identifier=nyc-grosses-11&page-no=2", current KBPS "16.0"
Fri May 20 22:29:16 EDT 2011 Info: Getting  http://www.broadwayleague.com/index.php?url_identifier=nyc-grosses-11&page-no=2...
Fri May 20 22:29:16 EDT 2011 Info: Browser loading URL 'http://www.broadwayleague.com/index.php?url_identifier=nyc-grosses-11&page-no=2'
Fri May 20 22:29:16 EDT 2011 Info: Using cookies: PHPSESSID=8d0a32670a9ea2b0eb9f830b803f45f5
Fri May 20 22:29:18 EDT 2011 Info: SQL Batch Count: 0, 0, 0, 0, 0, 0, 0, 0, 0, 0, 0, 0, 0, 0, 0, 0, 0, 0, 0, 0, 0, 0, 0, 0, 0, 0, 0, 0, 0, 0, 0, 0, 0, 0, 0, 0, 0, 0, 0, 0, 0, 0, 0, 0, 0, 0, 0, 0, 0, 0, 0, 0, 0, 0, 0, 0, 0, 0, 0, 0, 0, 0, 0, 0, 0, 0, 0, 0, 0, 0, 0, 0, 0, 0, 0, 0, 0, 0, 0, 0, 0, 0, 0, 0, 0, 0, 0, 0, 0, 0, 0, 0, 0, 0, 0, 0, 0, 0, 0, 0, 0
Fri May 20 22:29:18 EDT 2011 Info: SQL Batch Count: 1, 1, 1, 1, 1, 1, 1, 1, 1, 1, 1, 1, 1, 1, 1, 1, 1, 1, 1, 1, 1, 1, 1, 1, 1, 1, 1, 1, 1, 1, 1, 1, 1, 1, 1, 1, 1, 1, 1, 1, 1, 1, 1, 1, 1, 1, 1, 1, 1, 1, 1, 1, 1, 1, 1, 1, 1, 1, 1, 1, 1, 1, 1, 1, 1, 1, 1, 1, 1, 1, 1, 1, 1, 1, 1, 1, 1, 1, 1, 1, 1, 1, 1, 1, 1, 1, 1, 1, 1, 1, 1, 1, 1, 1, 1, 1, 1, 1, 1, 1, 1
Fri May 20 22:29:18 EDT 2011 Info: SQL Batch Count: 0, 0, 0, 0, 0, 0, 0, 0, 0, 0, 0, 0, 0, 0, 0, 0, 0, 0, 0, 0, 0, 0, 0, 0, 0, 0, 0, 0, 0, 0, 0, 0, 0, 0, 0, 0, 0, 0, 0, 0, 0, 0, 0, 0, 0, 0, 0, 0, 0, 0, 0, 0, 0, 0, 0, 0, 0, 0, 0, 0, 0, 0, 0, 0, 0, 0, 0, 0, 0, 0, 0, 0, 0, 0, 0, 0, 0, 0, 0, 0, 0, 0, 0, 0, 0, 0, 0, 0, 0, 0, 0, 0, 0, 0, 0, 0, 0, 0, 0, 0, 0
Fri May 20 22:29:18 EDT 2011 Info: SQL Batch Count: 1, 1, 1, 1, 1, 1, 1, 1, 1, 1, 1, 1, 1, 1, 1, 1, 1, 1, 1, 1, 1, 1, 1, 1, 1, 1, 1, 1, 1, 1, 1, 1, 1, 1, 1, 1, 1, 1, 1, 1, 1, 1, 1, 1, 1, 1, 1, 1, 1, 1, 1, 1, 1, 1, 1, 1, 1, 1, 1, 1, 1, 1, 1, 1, 1, 1, 1, 1, 1, 1, 1, 1, 1, 1, 1, 1, 1, 1, 1, 1, 1, 1, 1, 1, 1, 1, 1, 1, 1, 1, 1, 1, 1, 1, 1, 1, 1, 1, 1, 1, 1
Fri May 20 22:29:18 EDT 2011 Info: SQL Batch Count: 0, 0, 0, 0, 0, 0, 0, 0, 0, 0, 0, 0, 0, 0, 0, 0, 0, 0, 0, 0, 0, 0, 0, 0, 0, 0, 0, 0, 0, 0, 0, 0, 0, 0, 0, 0, 0, 0, 0, 0, 0, 0, 0, 0, 0, 0, 0, 0, 0, 0, 0, 0, 0, 0, 0, 0, 0, 0, 0, 0, 0, 0, 0, 0, 0, 0, 0, 0, 0, 0, 0, 0, 0, 0, 0, 0, 0, 0, 0, 0, 0, 0, 0, 0, 0, 0, 0, 0, 0, 0, 0, 0, 0, 0, 0, 0, 0, 0, 0, 0, 0
Fri May 20 22:29:18 EDT 2011 Info: SQL Batch Count: 1, 1, 1, 1, 1, 1, 1, 1, 1, 1, 1, 1, 1, 1, 1, 1, 1, 1, 1, 1, 1, 1, 1, 1, 1, 1, 1, 1, 1, 1, 1, 1, 1, 1, 1, 1, 1, 1, 1, 1, 1, 1, 1, 1, 1, 1, 1, 1, 1, 1, 1, 1, 1, 1, 1, 1, 1, 1, 1, 1, 1, 1, 1, 1, 1, 1, 1, 1, 1, 1, 1, 1, 1, 1, 1, 1, 1, 1, 1, 1, 1, 1, 1, 1, 1, 1, 1, 1, 1, 1, 1, 1, 1, 1, 1, 1, 1, 1, 1, 1, 1
Fri May 20 22:29:18 EDT 2011 Info: SQL Batch Count: 0, 0, 0, 0, 0, 0, 0, 0, 0, 0, 0, 0, 0, 0, 0, 0, 0, 0, 0, 0, 0, 0, 0, 0, 0, 0, 0, 0, 0, 0, 0, 0, 0, 0, 0, 0, 0, 0, 0, 0, 0, 0, 0, 0, 0, 0, 0, 0, 0, 0, 0, 0, 0, 0, 0, 0, 0, 0, 0, 0, 0, 0, 0, 0, 0, 0, 0, 0, 0, 0, 0, 0, 0, 0, 0, 0, 0, 0, 0, 0, 0, 0, 0, 0, 0, 0, 0, 0, 0, 0, 0, 0, 0, 0, 0, 0, 0, 0, 0, 0, 0
Fri May 20 22:29:18 EDT 2011 Info: SQL Batch Count: 1, 1, 1, 1, 1, 1, 1, 1, 1, 1, 1, 1, 1, 1, 1, 1, 1, 1, 1, 1, 1, 1, 1, 1, 1, 1, 1, 1, 1, 1, 1, 1, 1, 1, 1, 1, 1, 1, 1, 1, 1, 1, 1, 1, 1, 1, 1, 1, 1, 1, 1, 1, 1, 1, 1, 1, 1, 1, 1, 1, 1, 1, 1, 1, 1, 1, 1, 1, 1, 1, 1, 1, 1, 1, 1, 1, 1, 1, 1, 1, 1, 1, 1, 1, 1, 1, 1, 1, 1, 1, 1, 1, 1, 1, 1, 1, 1, 1, 1, 1, 1
Fri May 20 22:29:18 EDT 2011 Info: Failure in Execution 442 file:/Users/john/microscraper/microscraper-server/spec/resource/fixtures/parser/Cell.json
net.microscraper.client.Interfaces$Regexp$NoMatchesException: Match "0" not found in the "0" matches of "<td[^>]*>(.*?)</td>" against "null"
	at net.microscraper.client.impl.JavaUtilRegexInterface$JavaUtilPattern.match(JavaUtilRegexInterface.java:61)
	at net.microscraper.execution.VariableExecution.protectedRun(VariableExecution.java:47)
	at net.microscraper.execution.BasicExecution.run(BasicExecution.java:53)
	at net.microscraper.client.Client.execute(Client.java:30)
	at net.microscraper.client.Client.execute(Client.java:38)
	at net.microscraper.client.Client.execute(Client.java:38)
	at net.microscraper.client.Client.execute(Client.java:38)
	at net.microscraper.client.Client.execute(Client.java:38)
	at net.microscraper.client.Client.execute(Client.java:41)
	at net.microscraper.client.Client.execute(Client.java:41)
	at net.microscraper.client.Client.execute(Client.java:41)
	at net.microscraper.client.Client.execute(Client.java:41)
	at net.microscraper.client.Client.execute(Client.java:41)
	at net.microscraper.client.Client.execute(Client.java:41)
	at net.microscraper.client.Client.execute(Client.java:41)
	at net.microscraper.client.Client.execute(Client.java:41)
	at net.microscraper.client.Client.execute(Client.java:38)
	at net.microscraper.client.Client.scrape(Client.java:27)
	at net.microscraper.client.utility.MicroScraperConsole.<init>(MicroScraperConsole.java:77)
	at net.microscraper.client.utility.MicroScraperConsole.main(MicroScraperConsole.java:40)
Fri May 20 22:29:18 EDT 2011 Error: Match "0" not found in the "0" matches of "<td[^>]*>(.*?)</td>" against "null"
Fri May 20 22:29:18 EDT 2011 Info: Failure in Execution 443 file:/Users/john/microscraper/microscraper-server/spec/resource/fixtures/parser/Cell.json
net.microscraper.client.Interfaces$Regexp$NoMatchesException: Match "1" not found in the "0" matches of "<td[^>]*>(.*?)</td>" against "null"
	at net.microscraper.client.impl.JavaUtilRegexInterface$JavaUtilPattern.match(JavaUtilRegexInterface.java:61)
	at net.microscraper.execution.VariableExecution.protectedRun(VariableExecution.java:47)
	at net.microscraper.execution.BasicExecution.run(BasicExecution.java:53)
	at net.microscraper.client.Client.execute(Client.java:30)
	at net.microscraper.